<?xml version="1.0" encoding="UTF-8"?>
<robot generator="Robot 4.1.3 (Python 3.10.1 on win32)" generated="20220105 21:33:19.462" rpa="false" schemaversion="2">
<suite id="s1" name="Tc3" source="D:\robot\tc3.robot">
<test id="s1-t1" name="TC1">
<kw name="Open Browser" library="SeleniumLibrary">
<arg>${URL}</arg>
<arg>${BROWSER}</arg>
<doc>Opens a new browser instance to the optional ``url``.</doc>
<msg timestamp="20220105 21:33:19.804" level="INFO">Opening browser 'Chrome' to base url 'https://www.expedia.com/'.</msg>
<status status="PASS" starttime="20220105 21:33:19.803" endtime="20220105 21:33:38.559"/>
</kw>
<kw name="Click Element" library="SeleniumLibrary">
<arg>xpath=.//button[contains(string(),"More travel")]</arg>
<doc>Click the element identified by ``locator``.</doc>
<msg timestamp="20220105 21:33:38.561" level="INFO">Clicking element 'xpath=.//button[contains(string(),"More travel")]'.</msg>
<kw name="Capture Page Screenshot" library="SeleniumLibrary">
<doc>Takes a screenshot of the current page and embeds it into a log file.</doc>
<msg timestamp="20220105 21:33:38.746" level="INFO" html="true">&lt;/td&gt;&lt;/tr&gt;&lt;tr&gt;&lt;td colspan="3"&gt;&lt;a href="selenium-screenshot-10.png"&gt;&lt;img src="selenium-screenshot-10.png" width="800px"&gt;&lt;/a&gt;</msg>
<status status="PASS" starttime="20220105 21:33:38.577" endtime="20220105 21:33:38.746"/>
</kw>
<msg timestamp="20220105 21:33:38.856" level="FAIL">Element with locator 'xpath=.//button[contains(string(),"More travel")]' not found.</msg>
<status status="FAIL" starttime="20220105 21:33:38.560" endtime="20220105 21:33:38.857"/>
</kw>
<kw name="Sleep" library="BuiltIn">
<arg>5s</arg>
<doc>Pauses the test executed for the given time.</doc>
<status status="NOT RUN" starttime="20220105 21:33:38.860" endtime="20220105 21:33:38.861"/>
</kw>
<kw name="Click Element" library="SeleniumLibrary">
<arg>xpath=.//a[@href="/Flights"]</arg>
<doc>Click the element identified by ``locator``.</doc>
<status status="NOT RUN" starttime="20220105 21:33:38.862" endtime="20220105 21:33:38.862"/>
</kw>
<kw name="Sleep 30s">
<status status="NOT RUN" starttime="20220105 21:33:38.871" endtime="20220105 21:33:38.872"/>
</kw>
<kw name="Click Element" library="SeleniumLibrary">
<arg>xpath=.//button[@aria-label="Leaving from"]</arg>
<doc>Click the element identified by ``locator``.</doc>
<status status="NOT RUN" starttime="20220105 21:33:38.873" endtime="20220105 21:33:38.873"/>
</kw>
<kw name="Input Text" library="SeleniumLibrary">
<arg>xpath=.//input[@placeholder="Where are you leaving from?"]</arg>
<arg>${leaving_from}</arg>
<doc>Types the given ``text`` into the text field identified by ``locator``.</doc>
<status status="NOT RUN" starttime="20220105 21:33:38.874" endtime="20220105 21:33:38.874"/>
</kw>
<kw name="Sleep 5s">
<status status="NOT RUN" starttime="20220105 21:33:38.885" endtime="20220105 21:33:38.886"/>
</kw>
<kw name="Click Element" library="SeleniumLibrary">
<arg>xpath=${Local_HaNoi}</arg>
<doc>Click the element identified by ``locator``.</doc>
<status status="NOT RUN" starttime="20220105 21:33:38.886" endtime="20220105 21:33:38.887"/>
</kw>
<kw name="Sleep 5s">
<status status="NOT RUN" starttime="20220105 21:33:38.894" endtime="20220105 21:33:38.894"/>
</kw>
<kw name="Click Element" library="SeleniumLibrary">
<arg>xpath=.//button[@aria-label="Going to"]</arg>
<doc>Click the element identified by ``locator``.</doc>
<status status="NOT RUN" starttime="20220105 21:33:38.894" endtime="20220105 21:33:38.894"/>
</kw>
<kw name="Input Text" library="SeleniumLibrary">
<arg>xpath=.//input[@placeholder="Where are you going to?"]</arg>
<arg>${Going_to}</arg>
<arg>/ENTER</arg>
<doc>Types the given ``text`` into the text field identified by ``locator``.</doc>
<status status="NOT RUN" starttime="20220105 21:33:38.895" endtime="20220105 21:33:38.895"/>
</kw>
<kw name="Sleep 3s">
<status status="NOT RUN" starttime="20220105 21:33:38.899" endtime="20220105 21:33:38.899"/>
</kw>
<kw name="Click Element" library="SeleniumLibrary">
<arg>id:d1-btn</arg>
<doc>Click the element identified by ``locator``.</doc>
<status status="NOT RUN" starttime="20220105 21:33:38.900" endtime="20220105 21:33:38.900"/>
</kw>
<kw name="Sleep 3s">
<status status="NOT RUN" starttime="20220105 21:33:38.903" endtime="20220105 21:33:38.903"/>
</kw>
<status status="FAIL" starttime="20220105 21:33:19.802" endtime="20220105 21:33:38.904">Element with locator 'xpath=.//button[contains(string(),"More travel")]' not found.</status>
</test>
<status status="FAIL" starttime="20220105 21:33:19.465" endtime="20220105 21:33:38.906"/>
</suite>
<statistics>
<total>
<stat pass="0" fail="1" skip="0">All Tests</stat>
</total>
<tag>
</tag>
<suite>
<stat pass="0" fail="1" skip="0" id="s1" name="Tc3">Tc3</stat>
</suite>
</statistics>
<errors>
</errors>
</robot>
