<?xml version="1.0" encoding="UTF-8"?>
<robot generator="Robot 4.1.3 (Python 3.10.1 on win32)" generated="20220110 21:36:48.133" rpa="false" schemaversion="2">
<suite id="s1" name="Tc7" source="D:\robot\tc7.robot">
<test id="s1-t1" name="TC1">
<kw name="Open Browser" library="SeleniumLibrary">
<arg>${URL}</arg>
<arg>${BROWSER}</arg>
<doc>Opens a new browser instance to the optional ``url``.</doc>
<msg timestamp="20220110 21:36:48.750" level="INFO">Opening browser 'Chrome' to base url 'https://www.expedia.com/'.</msg>
<status status="PASS" starttime="20220110 21:36:48.749" endtime="20220110 21:37:11.109"/>
</kw>
<kw name="Click Element" library="SeleniumLibrary">
<arg>xpath=.//button[contains(string(),"More travel")]</arg>
<doc>Click the element identified by ``locator``.</doc>
<msg timestamp="20220110 21:37:11.116" level="INFO">Clicking element 'xpath=.//button[contains(string(),"More travel")]'.</msg>
<status status="PASS" starttime="20220110 21:37:11.114" endtime="20220110 21:37:11.498"/>
</kw>
<kw name="Sleep" library="BuiltIn">
<arg>5s</arg>
<doc>Pauses the test executed for the given time.</doc>
<msg timestamp="20220110 21:37:16.518" level="INFO">Slept 5 seconds</msg>
<status status="PASS" starttime="20220110 21:37:11.501" endtime="20220110 21:37:16.518"/>
</kw>
<kw name="Click Element" library="SeleniumLibrary">
<arg>xpath=.//a[@href="/Flights"]</arg>
<doc>Click the element identified by ``locator``.</doc>
<msg timestamp="20220110 21:37:16.522" level="INFO">Clicking element 'xpath=.//a[@href="/Flights"]'.</msg>
<status status="PASS" starttime="20220110 21:37:16.520" endtime="20220110 21:37:19.466"/>
</kw>
<kw name="Sleep" library="BuiltIn">
<arg>45s</arg>
<doc>Pauses the test executed for the given time.</doc>
<msg timestamp="20220110 21:38:04.469" level="INFO">Slept 45 seconds</msg>
<status status="PASS" starttime="20220110 21:37:19.467" endtime="20220110 21:38:04.470"/>
</kw>
<kw name="Click Element" library="SeleniumLibrary">
<arg>xpath=.//button[@aria-label="Leaving from"]</arg>
<doc>Click the element identified by ``locator``.</doc>
<msg timestamp="20220110 21:38:04.476" level="INFO">Clicking element 'xpath=.//button[@aria-label="Leaving from"]'.</msg>
<status status="PASS" starttime="20220110 21:38:04.473" endtime="20220110 21:38:04.743"/>
</kw>
<kw name="Input Text" library="SeleniumLibrary">
<arg>xpath=.//input[@placeholder="Where are you leaving from?"]</arg>
<arg>${leaving_from}</arg>
<doc>Types the given ``text`` into the text field identified by ``locator``.</doc>
<msg timestamp="20220110 21:38:04.745" level="INFO">Typing text 'Ha Noi' into text field 'xpath=.//input[@placeholder="Where are you leaving from?"]'.</msg>
<status status="PASS" starttime="20220110 21:38:04.744" endtime="20220110 21:38:04.970"/>
</kw>
<kw name="Sleep" library="BuiltIn">
<arg>2</arg>
<doc>Pauses the test executed for the given time.</doc>
<msg timestamp="20220110 21:38:06.982" level="INFO">Slept 2 seconds</msg>
<status status="PASS" starttime="20220110 21:38:04.971" endtime="20220110 21:38:06.982"/>
</kw>
<kw name="Click Element" library="SeleniumLibrary">
<arg>xpath=${Local_HaNoi}</arg>
<doc>Click the element identified by ``locator``.</doc>
<msg timestamp="20220110 21:38:06.987" level="INFO">Clicking element 'xpath=.//ul[@class='no-bullet']//button[contains(string(), 'Noi Bai')]'.</msg>
<status status="PASS" starttime="20220110 21:38:06.986" endtime="20220110 21:38:07.456"/>
</kw>
<kw name="Sleep" library="BuiltIn">
<arg>5</arg>
<doc>Pauses the test executed for the given time.</doc>
<msg timestamp="20220110 21:38:12.470" level="INFO">Slept 5 seconds</msg>
<status status="PASS" starttime="20220110 21:38:07.457" endtime="20220110 21:38:12.472"/>
</kw>
<kw name="Click Element" library="SeleniumLibrary">
<arg>xpath=.//button[@aria-label="Going to"]</arg>
<doc>Click the element identified by ``locator``.</doc>
<msg timestamp="20220110 21:38:12.482" level="INFO">Clicking element 'xpath=.//button[@aria-label="Going to"]'.</msg>
<status status="PASS" starttime="20220110 21:38:12.477" endtime="20220110 21:38:12.651"/>
</kw>
<kw name="Input Text" library="SeleniumLibrary">
<arg>xpath=.//input[@placeholder="Where are you going to?"]</arg>
<arg>${Going_to}</arg>
<doc>Types the given ``text`` into the text field identified by ``locator``.</doc>
<msg timestamp="20220110 21:38:12.652" level="INFO">Typing text 'Da Nang' into text field 'xpath=.//input[@placeholder="Where are you going to?"]'.</msg>
<status status="PASS" starttime="20220110 21:38:12.652" endtime="20220110 21:38:12.959"/>
</kw>
<kw name="Sleep" library="BuiltIn">
<arg>2</arg>
<doc>Pauses the test executed for the given time.</doc>
<msg timestamp="20220110 21:38:14.970" level="INFO">Slept 2 seconds</msg>
<status status="PASS" starttime="20220110 21:38:12.960" endtime="20220110 21:38:14.971"/>
</kw>
<kw name="Click Element" library="SeleniumLibrary">
<arg>xpath=${Local_DaNang}</arg>
<doc>Click the element identified by ``locator``.</doc>
<msg timestamp="20220110 21:38:14.974" level="INFO">Clicking element 'xpath=.//ul[@class='no-bullet']//button[contains(string(), 'Da Nang')]'.</msg>
<status status="PASS" starttime="20220110 21:38:14.972" endtime="20220110 21:38:15.362"/>
</kw>
<kw name="Sleep" library="BuiltIn">
<arg>3</arg>
<doc>Pauses the test executed for the given time.</doc>
<msg timestamp="20220110 21:38:18.363" level="INFO">Slept 3 seconds</msg>
<status status="PASS" starttime="20220110 21:38:15.363" endtime="20220110 21:38:18.363"/>
</kw>
<kw name="Click Element" library="SeleniumLibrary">
<arg>xpath=.//button[contains(text(), 'Search')]</arg>
<doc>Click the element identified by ``locator``.</doc>
<msg timestamp="20220110 21:38:18.365" level="INFO">Clicking element 'xpath=.//button[contains(text(), 'Search')]'.</msg>
<status status="PASS" starttime="20220110 21:38:18.364" endtime="20220110 21:38:23.822"/>
</kw>
<kw name="Sleep" library="BuiltIn">
<arg>30</arg>
<doc>Pauses the test executed for the given time.</doc>
<msg timestamp="20220110 21:38:53.831" level="INFO">Slept 30 seconds</msg>
<status status="PASS" starttime="20220110 21:38:23.822" endtime="20220110 21:38:53.831"/>
</kw>
<kw name="Click Element" library="SeleniumLibrary">
<arg>xpath=.//select[@id="listings-sort"]</arg>
<doc>Click the element identified by ``locator``.</doc>
<msg timestamp="20220110 21:38:53.833" level="INFO">Clicking element 'xpath=.//select[@id="listings-sort"]'.</msg>
<status status="PASS" starttime="20220110 21:38:53.832" endtime="20220110 21:38:54.060"/>
</kw>
<kw name="Sleep" library="BuiltIn">
<arg>1</arg>
<doc>Pauses the test executed for the given time.</doc>
<msg timestamp="20220110 21:38:55.070" level="INFO">Slept 1 second</msg>
<status status="PASS" starttime="20220110 21:38:54.062" endtime="20220110 21:38:55.070"/>
</kw>
<kw name="Click Element" library="SeleniumLibrary">
<arg>xpath=.//select[@id="listings-sort"]/option[contains(string(), "Duration (Longest)")]</arg>
<doc>Click the element identified by ``locator``.</doc>
<msg timestamp="20220110 21:38:55.071" level="INFO">Clicking element 'xpath=.//select[@id="listings-sort"]/option[contains(string(), "Duration (Longest)")]'.</msg>
<status status="PASS" starttime="20220110 21:38:55.071" endtime="20220110 21:38:55.418"/>
</kw>
<kw name="Create List" library="BuiltIn">
<var>@{timelist}</var>
<doc>Returns a list containing given items.</doc>
<msg timestamp="20220110 21:38:55.419" level="INFO">@{timelist} = [ ]</msg>
<status status="PASS" starttime="20220110 21:38:55.418" endtime="20220110 21:38:55.419"/>
</kw>
<for flavor="IN RANGE">
<var>${i}</var>
<value>1</value>
<value>9</value>
<iter>
<var name="${i}">1</var>
<kw name="Get Text" library="SeleniumLibrary">
<var>${time}</var>
<arg>xpath=.//ul/li[${i}]//div[@data-test-id="journey-duration"]</arg>
<doc>Returns the text value of the element identified by ``locator``.</doc>
<kw name="Capture Page Screenshot" library="SeleniumLibrary">
<doc>Takes a screenshot of the current page and embeds it into a log file.</doc>
<msg timestamp="20220110 21:38:55.986" level="INFO" html="true">&lt;/td&gt;&lt;/tr&gt;&lt;tr&gt;&lt;td colspan="3"&gt;&lt;a href="selenium-screenshot-1.png"&gt;&lt;img src="selenium-screenshot-1.png" width="800px"&gt;&lt;/a&gt;</msg>
<status status="PASS" starttime="20220110 21:38:55.737" endtime="20220110 21:38:55.986"/>
</kw>
<msg timestamp="20220110 21:38:56.040" level="FAIL">Element with locator 'xpath=.//ul/li[1]//div[@data-test-id="journey-duration"]' not found.</msg>
<status status="FAIL" starttime="20220110 21:38:55.422" endtime="20220110 21:38:56.040"/>
</kw>
<kw name="Split String" library="String">
<var>${times}</var>
<arg>${time}</arg>
<doc>Splits the ``string`` using ``separator`` as a delimiter string.</doc>
<status status="NOT RUN" starttime="20220110 21:38:56.041" endtime="20220110 21:38:56.041"/>
</kw>
<kw name="Get From List" library="Collections">
<var>${time_h}</var>
<arg>${times}</arg>
<arg>0</arg>
<doc>Returns the value specified with an ``index`` from ``list``.</doc>
<status status="NOT RUN" starttime="20220110 21:38:56.041" endtime="20220110 21:38:56.042"/>
</kw>
<kw name="Split String" library="String">
<var>${time_h}</var>
<arg>${time_h}</arg>
<arg>h</arg>
<doc>Splits the ``string`` using ``separator`` as a delimiter string.</doc>
<status status="NOT RUN" starttime="20220110 21:38:56.042" endtime="20220110 21:38:56.042"/>
</kw>
<kw name="Get From List" library="Collections">
<var>${time_h}</var>
<arg>${time_h}</arg>
<arg>0</arg>
<doc>Returns the value specified with an ``index`` from ``list``.</doc>
<status status="NOT RUN" starttime="20220110 21:38:56.042" endtime="20220110 21:38:56.043"/>
</kw>
<kw name="Get From List" library="Collections">
<var>${time_m}</var>
<arg>${times}</arg>
<arg>1</arg>
<doc>Returns the value specified with an ``index`` from ``list``.</doc>
<status status="NOT RUN" starttime="20220110 21:38:56.043" endtime="20220110 21:38:56.043"/>
</kw>
<kw name="Split String" library="String">
<var>${time_m}</var>
<arg>${time_m}</arg>
<arg>m</arg>
<doc>Splits the ``string`` using ``separator`` as a delimiter string.</doc>
<status status="NOT RUN" starttime="20220110 21:38:56.043" endtime="20220110 21:38:56.043"/>
</kw>
<kw name="Get From List" library="Collections">
<var>${time_m}</var>
<arg>${time_m}</arg>
<arg>0</arg>
<doc>Returns the value specified with an ``index`` from ``list``.</doc>
<status status="NOT RUN" starttime="20220110 21:38:56.044" endtime="20220110 21:38:56.044"/>
</kw>
<kw name="Evaluate" library="BuiltIn">
<var>${time_h}</var>
<arg>${time_h} * 60</arg>
<doc>Evaluates the given expression in Python and returns the result.</doc>
<status status="NOT RUN" starttime="20220110 21:38:56.044" endtime="20220110 21:38:56.044"/>
</kw>
<kw name="Evaluate" library="BuiltIn">
<var>${time_target}</var>
<arg>${time_h} + ${time_m}</arg>
<doc>Evaluates the given expression in Python and returns the result.</doc>
<status status="NOT RUN" starttime="20220110 21:38:56.044" endtime="20220110 21:38:56.045"/>
</kw>
<kw name="Append To List" library="Collections">
<arg>${timelist}</arg>
<arg>${time_target}</arg>
<doc>Adds ``values`` to the end of ``list``.</doc>
<status status="NOT RUN" starttime="20220110 21:38:56.045" endtime="20220110 21:38:56.045"/>
</kw>
<status status="FAIL" starttime="20220110 21:38:55.421" endtime="20220110 21:38:56.045"/>
</iter>
<status status="FAIL" starttime="20220110 21:38:55.420" endtime="20220110 21:38:56.046"/>
</for>
<kw name="Get Length" library="BuiltIn">
<var>${length_list}</var>
<arg>${timelist}</arg>
<doc>Returns and logs the length of the given item as an integer.</doc>
<status status="NOT RUN" starttime="20220110 21:38:56.047" endtime="20220110 21:38:56.048"/>
</kw>
<for flavor="IN RANGE">
<var>${i}</var>
<value>${length_list}</value>
<iter>
<var name="${i}">${i}</var>
<for flavor="IN RANGE">
<var>${j}</var>
<value>${i}+1</value>
<value>${length_list}-1</value>
<iter>
<var name="${j}">${j}</var>
<kw name="Get From List" library="Collections">
<var>${timelist_i}</var>
<arg>${timelist}</arg>
<arg>${i}</arg>
<doc>Returns the value specified with an ``index`` from ``list``.</doc>
<status status="NOT RUN" starttime="20220110 21:38:56.049" endtime="20220110 21:38:56.049"/>
</kw>
<kw name="Get From List" library="Collections">
<var>${timelist_j}</var>
<arg>${timelist}</arg>
<arg>${j}</arg>
<doc>Returns the value specified with an ``index`` from ``list``.</doc>
<status status="NOT RUN" starttime="20220110 21:38:56.049" endtime="20220110 21:38:56.049"/>
</kw>
<kw name="Get Text" library="SeleniumLibrary">
<var>${verify_local}</var>
<arg>xpath=.//ul/li[${j}]//div[@data-test-id="arrival-departure"]</arg>
<doc>Returns the text value of the element identified by ``locator``.</doc>
<status status="NOT RUN" starttime="20220110 21:38:56.050" endtime="20220110 21:38:56.050"/>
</kw>
<if>
<branch type="IF" condition="'${timelist_i}'">
<if>
<branch type="IF" condition="'${verify_local}' == '${verify_mess}'">
<kw name="Log To Console" library="BuiltIn">
<arg>OK</arg>
<doc>Logs the given message to the console.</doc>
<status status="NOT RUN" starttime="20220110 21:38:56.050" endtime="20220110 21:38:56.051"/>
</kw>
<status status="NOT RUN" starttime="20220110 21:38:56.050" endtime="20220110 21:38:56.051"/>
</branch>
<status status="NOT RUN" starttime="20220110 21:38:56.050" endtime="20220110 21:38:56.051"/>
</if>
<status status="NOT RUN" starttime="20220110 21:38:56.050" endtime="20220110 21:38:56.051"/>
</branch>
<status status="NOT RUN" starttime="20220110 21:38:56.050" endtime="20220110 21:38:56.051"/>
</if>
<status status="NOT RUN" starttime="20220110 21:38:56.049" endtime="20220110 21:38:56.051"/>
</iter>
<status status="NOT RUN" starttime="20220110 21:38:56.048" endtime="20220110 21:38:56.052"/>
</for>
<status status="NOT RUN" starttime="20220110 21:38:56.048" endtime="20220110 21:38:56.052"/>
</iter>
<status status="NOT RUN" starttime="20220110 21:38:56.048" endtime="20220110 21:38:56.052"/>
</for>
<status status="FAIL" starttime="20220110 21:36:48.747" endtime="20220110 21:38:56.053">Element with locator 'xpath=.//ul/li[1]//div[@data-test-id="journey-duration"]' not found.</status>
</test>
<status status="FAIL" starttime="20220110 21:36:48.137" endtime="20220110 21:38:56.059"/>
</suite>
<statistics>
<total>
<stat pass="0" fail="1" skip="0">All Tests</stat>
</total>
<tag>
</tag>
<suite>
<stat pass="0" fail="1" skip="0" id="s1" name="Tc7">Tc7</stat>
</suite>
</statistics>
<errors>
</errors>
</robot>
