<?xml version="1.0" encoding="UTF-8"?>
<robot generator="Robot 4.1.1 (Python 3.10.0 on win32)" generated="20220107 11:42:23.297" rpa="false" schemaversion="2">
<suite id="s1" name="Tc3" source="C:\Users\internntrantuyen\Documents\robot\tc3.robot">
<test id="s1-t1" name="TC1">
<kw name="Open Browser" library="SeleniumLibrary">
<arg>${URL}</arg>
<arg>${BROWSER}</arg>
<doc>Opens a new browser instance to the optional ``url``.</doc>
<msg timestamp="20220107 11:42:23.797" level="INFO">Opening browser 'Chrome' to base url 'https://www.expedia.com/'.</msg>
<status status="PASS" starttime="20220107 11:42:23.796" endtime="20220107 11:42:53.704"/>
</kw>
<kw name="Click Element" library="SeleniumLibrary">
<arg>xpath=.//button[contains(string(),"More travel")]</arg>
<doc>Click the element identified by ``locator``.</doc>
<msg timestamp="20220107 11:42:53.706" level="INFO">Clicking element 'xpath=.//button[contains(string(),"More travel")]'.</msg>
<status status="PASS" starttime="20220107 11:42:53.705" endtime="20220107 11:42:53.813"/>
</kw>
<kw name="Sleep" library="BuiltIn">
<arg>5s</arg>
<doc>Pauses the test executed for the given time.</doc>
<msg timestamp="20220107 11:42:58.816" level="INFO">Slept 5 seconds</msg>
<status status="PASS" starttime="20220107 11:42:53.814" endtime="20220107 11:42:58.816"/>
</kw>
<kw name="Click Element" library="SeleniumLibrary">
<arg>xpath=.//a[@href="/Flights"]</arg>
<doc>Click the element identified by ``locator``.</doc>
<msg timestamp="20220107 11:42:58.817" level="INFO">Clicking element 'xpath=.//a[@href="/Flights"]'.</msg>
<status status="PASS" starttime="20220107 11:42:58.817" endtime="20220107 11:43:00.716"/>
</kw>
<kw name="Sleep" library="BuiltIn">
<arg>45s</arg>
<doc>Pauses the test executed for the given time.</doc>
<msg timestamp="20220107 11:43:45.717" level="INFO">Slept 45 seconds</msg>
<status status="PASS" starttime="20220107 11:43:00.716" endtime="20220107 11:43:45.717"/>
</kw>
<kw name="Click Element" library="SeleniumLibrary">
<arg>xpath=.//button[@aria-label="Leaving from"]</arg>
<doc>Click the element identified by ``locator``.</doc>
<msg timestamp="20220107 11:43:45.719" level="INFO">Clicking element 'xpath=.//button[@aria-label="Leaving from"]'.</msg>
<status status="PASS" starttime="20220107 11:43:45.718" endtime="20220107 11:43:45.887"/>
</kw>
<kw name="Input Text" library="SeleniumLibrary">
<arg>xpath=.//input[@placeholder="Where are you leaving from?"]</arg>
<arg>${leaving_from}</arg>
<doc>Types the given ``text`` into the text field identified by ``locator``.</doc>
<msg timestamp="20220107 11:43:45.890" level="INFO">Typing text 'Ha Noi' into text field 'xpath=.//input[@placeholder="Where are you leaving from?"]'.</msg>
<status status="PASS" starttime="20220107 11:43:45.889" endtime="20220107 11:43:46.132"/>
</kw>
<kw name="Sleep" library="BuiltIn">
<arg>2</arg>
<doc>Pauses the test executed for the given time.</doc>
<msg timestamp="20220107 11:43:48.146" level="INFO">Slept 2 seconds</msg>
<status status="PASS" starttime="20220107 11:43:46.132" endtime="20220107 11:43:48.146"/>
</kw>
<kw name="Click Element" library="SeleniumLibrary">
<arg>xpath=${Local_HaNoi}</arg>
<doc>Click the element identified by ``locator``.</doc>
<msg timestamp="20220107 11:43:48.147" level="INFO">Clicking element 'xpath=.//ul[@class='no-bullet']//button[contains(string(), 'Noi Bai')]'.</msg>
<status status="PASS" starttime="20220107 11:43:48.146" endtime="20220107 11:43:48.358"/>
</kw>
<kw name="Sleep" library="BuiltIn">
<arg>5</arg>
<doc>Pauses the test executed for the given time.</doc>
<msg timestamp="20220107 11:43:53.371" level="INFO">Slept 5 seconds</msg>
<status status="PASS" starttime="20220107 11:43:48.359" endtime="20220107 11:43:53.371"/>
</kw>
<kw name="Click Element" library="SeleniumLibrary">
<arg>xpath=.//button[@aria-label="Going to"]</arg>
<doc>Click the element identified by ``locator``.</doc>
<msg timestamp="20220107 11:43:53.372" level="INFO">Clicking element 'xpath=.//button[@aria-label="Going to"]'.</msg>
<status status="PASS" starttime="20220107 11:43:53.372" endtime="20220107 11:43:53.481"/>
</kw>
<kw name="Input Text" library="SeleniumLibrary">
<arg>xpath=.//input[@placeholder="Where are you going to?"]</arg>
<arg>${Going_to}</arg>
<arg>/ENTER</arg>
<doc>Types the given ``text`` into the text field identified by ``locator``.</doc>
<msg timestamp="20220107 11:43:53.483" level="INFO">Typing text 'Ho Chi Minh City' into text field 'xpath=.//input[@placeholder="Where are you going to?"]'.</msg>
<status status="PASS" starttime="20220107 11:43:53.482" endtime="20220107 11:43:53.874"/>
</kw>
<kw name="Sleep" library="BuiltIn">
<arg>3</arg>
<doc>Pauses the test executed for the given time.</doc>
<msg timestamp="20220107 11:43:56.886" level="INFO">Slept 3 seconds</msg>
<status status="PASS" starttime="20220107 11:43:53.875" endtime="20220107 11:43:56.886"/>
</kw>
<kw name="Click Button" library="SeleniumLibrary">
<arg>id:d1-btn</arg>
<doc>Clicks the button identified by ``locator``.</doc>
<msg timestamp="20220107 11:43:56.887" level="INFO">Clicking button 'id:d1-btn'.</msg>
<status status="PASS" starttime="20220107 11:43:56.887" endtime="20220107 11:43:57.097"/>
</kw>
<kw name="Sleep" library="BuiltIn">
<arg>3</arg>
<doc>Pauses the test executed for the given time.</doc>
<msg timestamp="20220107 11:44:00.109" level="INFO">Slept 3 seconds</msg>
<status status="PASS" starttime="20220107 11:43:57.098" endtime="20220107 11:44:00.109"/>
</kw>
<kw name="Get Text" library="SeleniumLibrary">
<var>${month}</var>
<arg>xpath=.//*[@class="uitk-calendar"]//h2</arg>
<doc>Returns the text value of the element identified by ``locator``.</doc>
<msg timestamp="20220107 11:44:00.188" level="INFO">${month} = January 2022</msg>
<status status="PASS" starttime="20220107 11:44:00.110" endtime="20220107 11:44:00.188"/>
</kw>
<kw name="Get Current Date" library="DateTime">
<var>${target_month}</var>
<arg>result_format=%B %Y</arg>
<doc>Returns current local or UTC time with an optional increment.</doc>
<msg timestamp="20220107 11:44:00.190" level="INFO">${target_month} = January 2022</msg>
<status status="PASS" starttime="20220107 11:44:00.189" endtime="20220107 11:44:00.190"/>
</kw>
<kw name="Get Current Date" library="DateTime">
<var>${target_day}</var>
<arg>result_format=datetime</arg>
<doc>Returns current local or UTC time with an optional increment.</doc>
<msg timestamp="20220107 11:44:00.191" level="INFO">${target_day} = 2022-01-07 11:44:00.190918</msg>
<status status="PASS" starttime="20220107 11:44:00.190" endtime="20220107 11:44:00.191"/>
</kw>
<kw name="Log To Console" library="BuiltIn">
<arg>${target_day.day}</arg>
<doc>Logs the given message to the console.</doc>
<status status="PASS" starttime="20220107 11:44:00.192" endtime="20220107 11:44:00.194"/>
</kw>
<kw name="Log To Console" library="BuiltIn">
<arg>${month}</arg>
<doc>Logs the given message to the console.</doc>
<status status="PASS" starttime="20220107 11:44:00.194" endtime="20220107 11:44:00.195"/>
</kw>
<kw name="Log To Console" library="BuiltIn">
<arg>${target_month}</arg>
<doc>Logs the given message to the console.</doc>
<status status="PASS" starttime="20220107 11:44:00.195" endtime="20220107 11:44:00.196"/>
</kw>
<if>
<branch type="IF" condition="'${month}' == '${target_month}'">
<kw name="Click Button" library="SeleniumLibrary">
<arg>xpath=.//*[@data-day="${target_day.day}"]</arg>
<doc>Clicks the button identified by ``locator``.</doc>
<msg timestamp="20220107 11:44:00.200" level="INFO">Clicking button 'xpath=.//*[@data-day="7"]'.</msg>
<status status="PASS" starttime="20220107 11:44:00.198" endtime="20220107 11:44:00.338"/>
</kw>
<status status="PASS" starttime="20220107 11:44:00.197" endtime="20220107 11:44:00.338"/>
</branch>
<branch type="ELSE">
<kw name="Click Button" library="SeleniumLibrary">
<arg>${previous_click}</arg>
<doc>Clicks the button identified by ``locator``.</doc>
<status status="NOT RUN" starttime="20220107 11:44:00.338" endtime="20220107 11:44:00.338"/>
</kw>
<kw name="Sleep" library="BuiltIn">
<arg>2</arg>
<doc>Pauses the test executed for the given time.</doc>
<status status="NOT RUN" starttime="20220107 11:44:00.338" endtime="20220107 11:44:00.339"/>
</kw>
<kw name="Get Text" library="SeleniumLibrary">
<var>${month}</var>
<arg>/xpath=.//*[@class="uitk-calendar"]//h2</arg>
<doc>Returns the text value of the element identified by ``locator``.</doc>
<status status="NOT RUN" starttime="20220107 11:44:00.339" endtime="20220107 11:44:00.339"/>
</kw>
<if>
<branch type="IF" condition="'${month}' == '${target_month}'">
<kw name="Click Element" library="SeleniumLibrary">
<arg>xpath=.//*[@data-day="${target_day.day}"]</arg>
<doc>Click the element identified by ``locator``.</doc>
<status status="NOT RUN" starttime="20220107 11:44:00.340" endtime="20220107 11:44:00.340"/>
</kw>
<kw name="Click Element" library="SeleniumLibrary">
<arg>xpath=.//button[@data-stid="apply-date-picker"]</arg>
<doc>Click the element identified by ``locator``.</doc>
<status status="NOT RUN" starttime="20220107 11:44:00.341" endtime="20220107 11:44:00.341"/>
</kw>
<status status="NOT RUN" starttime="20220107 11:44:00.340" endtime="20220107 11:44:00.341"/>
</branch>
<status status="NOT RUN" starttime="20220107 11:44:00.340" endtime="20220107 11:44:00.341"/>
</if>
<status status="NOT RUN" starttime="20220107 11:44:00.338" endtime="20220107 11:44:00.341"/>
</branch>
<status status="PASS" starttime="20220107 11:44:00.197" endtime="20220107 11:44:00.342"/>
</if>
<kw name="Click Button" library="SeleniumLibrary">
<arg>xpath=.//button[@data-testid="submit-button"]</arg>
<doc>Clicks the button identified by ``locator``.</doc>
<msg timestamp="20220107 11:44:00.343" level="INFO">Clicking button 'xpath=.//button[@data-testid="submit-button"]'.</msg>
<status status="PASS" starttime="20220107 11:44:00.342" endtime="20220107 11:44:00.499"/>
</kw>
<status status="PASS" starttime="20220107 11:42:23.794" endtime="20220107 11:44:00.500"/>
</test>
<status status="PASS" starttime="20220107 11:42:23.303" endtime="20220107 11:44:00.502"/>
</suite>
<statistics>
<total>
<stat pass="1" fail="0" skip="0">All Tests</stat>
</total>
<tag>
</tag>
<suite>
<stat pass="1" fail="0" skip="0" id="s1" name="Tc3">Tc3</stat>
</suite>
</statistics>
<errors>
</errors>
</robot>
